app/build/intermediates/manifest_merge_blame_file/debug/manifest-merger-blame-debug-report.txt
1<?xml version="1.0" encoding="utf-8"?>
2<manifest xmlns:android="http://schemas.android.com/apk/res/android"
3    package="com.example.ngoapplication"
4    android:versionCode="1"
5    android:versionName="1.0" >
6
7    <uses-sdk
8        android:minSdkVersion="24"
8-->src\main\AndroidManifest.xml
9        android:targetSdkVersion="33" />
9-->src\main\AndroidManifest.xml
10
11    <!-- Although the *SdkVersion is captured in gradle build files, this is required for non gradle builds -->
12    <!-- <uses-sdk android:minSdkVersion="14"/> -->
13    <uses-permission android:name="android.permission.ACCESS_NETWORK_STATE" />
13-->[com.google.firebase:firebase-database:20.2.2] AndroidManifest.xml:24:5-79
13-->[com.google.firebase:firebase-database:20.2.2] AndroidManifest.xml:24:22-76
14    <uses-permission android:name="android.permission.INTERNET" />
14-->[com.google.firebase:firebase-database:20.2.2] AndroidManifest.xml:25:5-67
14-->[com.google.firebase:firebase-database:20.2.2] AndroidManifest.xml:25:22-64
15
16    <permission
16-->[androidx.core:core:1.9.0] AndroidManifest.xml:22:5-24:47
17        android:name="com.example.ngoapplication.DYNAMIC_RECEIVER_NOT_EXPORTED_PERMISSION"
17-->[androidx.core:core:1.9.0] AndroidManifest.xml:23:9-81
18        android:protectionLevel="signature" />
18-->[androidx.core:core:1.9.0] AndroidManifest.xml:24:9-44
19
20    <uses-permission android:name="com.example.ngoapplication.DYNAMIC_RECEIVER_NOT_EXPORTED_PERMISSION" />
20-->[androidx.core:core:1.9.0] AndroidManifest.xml:26:5-97
20-->[androidx.core:core:1.9.0] AndroidManifest.xml:26:22-94
21
22    <application
22-->src\main\AndroidManifest.xml:5:5-71:19
23        android:allowBackup="true"
23-->src\main\AndroidManifest.xml:6:9-35
24        android:appComponentFactory="androidx.core.app.CoreComponentFactory"
24-->[androidx.core:core:1.9.0] AndroidManifest.xml:28:18-86
25        android:dataExtractionRules="@xml/data_extraction_rules"
25-->src\main\AndroidManifest.xml:7:9-65
26        android:debuggable="true"
27        android:extractNativeLibs="false"
28        android:fullBackupContent="@xml/backup_rules"
28-->src\main\AndroidManifest.xml:8:9-54
29        android:icon="@mipmap/ic_launcher"
29-->src\main\AndroidManifest.xml:9:9-43
30        android:label="@string/app_name"
30-->src\main\AndroidManifest.xml:10:9-41
31        android:supportsRtl="true"
31-->src\main\AndroidManifest.xml:11:9-35
32        android:testOnly="true"
33        android:theme="@style/Theme.NgoApplication" >
33-->src\main\AndroidManifest.xml:12:9-52
34        <activity
34-->src\main\AndroidManifest.xml:14:9-16:40
35            android:name="com.example.ngoapplication.FeedbackActivity"
35-->src\main\AndroidManifest.xml:15:13-45
36            android:exported="false" />
36-->src\main\AndroidManifest.xml:16:13-37
37        <activity
37-->src\main\AndroidManifest.xml:17:9-19:40
38            android:name="com.example.ngoapplication.ThanksActivity"
38-->src\main\AndroidManifest.xml:18:13-43
39            android:exported="false" />
39-->src\main\AndroidManifest.xml:19:13-37
40        <activity
40-->src\main\AndroidManifest.xml:20:9-22:40
41            android:name="com.example.ngoapplication.MoneyActivity"
41-->src\main\AndroidManifest.xml:21:13-42
42            android:exported="false" />
42-->src\main\AndroidManifest.xml:22:13-37
43        <activity
43-->src\main\AndroidManifest.xml:23:9-25:40
44            android:name="com.example.ngoapplication.ThanksVolunteer"
44-->src\main\AndroidManifest.xml:24:13-44
45            android:exported="false" />
45-->src\main\AndroidManifest.xml:25:13-37
46        <activity
46-->src\main\AndroidManifest.xml:26:9-28:40
47            android:name="com.example.ngoapplication.VolunteerRegisteration"
47-->src\main\AndroidManifest.xml:27:13-51
48            android:exported="false" />
48-->src\main\AndroidManifest.xml:28:13-37
49        <activity
49-->src\main\AndroidManifest.xml:29:9-31:40
50            android:name="com.example.ngoapplication.NewActivity"
50-->src\main\AndroidManifest.xml:30:13-40
51            android:exported="false" />
51-->src\main\AndroidManifest.xml:31:13-37
52        <activity
52-->src\main\AndroidManifest.xml:32:9-34:40
53            android:name="com.example.ngoapplication.DonatorList"
53-->src\main\AndroidManifest.xml:33:13-40
54            android:exported="false" />
54-->src\main\AndroidManifest.xml:34:13-37
55        <activity
55-->src\main\AndroidManifest.xml:35:9-37:40
56            android:name="com.example.ngoapplication.ClothActivity"
56-->src\main\AndroidManifest.xml:36:13-42
57            android:exported="false" />
57-->src\main\AndroidManifest.xml:37:13-37
58        <activity
58-->src\main\AndroidManifest.xml:38:9-40:40
59            android:name="com.example.ngoapplication.BookActivity"
59-->src\main\AndroidManifest.xml:39:13-41
60            android:exported="false" />
60-->src\main\AndroidManifest.xml:40:13-37
61        <activity
61-->src\main\AndroidManifest.xml:41:9-43:40
62            android:name="com.example.ngoapplication.FoodActivity"
62-->src\main\AndroidManifest.xml:42:13-41
63            android:exported="false" />
63-->src\main\AndroidManifest.xml:43:13-37
64        <activity
64-->src\main\AndroidManifest.xml:44:9-46:40
65            android:name="com.example.ngoapplication.Dashboard"
65-->src\main\AndroidManifest.xml:45:13-38
66            android:exported="false" />
66-->src\main\AndroidManifest.xml:46:13-37
67        <activity
67-->src\main\AndroidManifest.xml:47:9-49:40
68            android:name="com.example.ngoapplication.SignUpPage"
68-->src\main\AndroidManifest.xml:48:13-39
69            android:exported="false" />
69-->src\main\AndroidManifest.xml:49:13-37
70        <activity
70-->src\main\AndroidManifest.xml:50:9-52:40
71            android:name="com.example.ngoapplication.LoginPage"
71-->src\main\AndroidManifest.xml:51:13-38
72            android:exported="false" />
72-->src\main\AndroidManifest.xml:52:13-37
73        <activity
73-->src\main\AndroidManifest.xml:53:9-55:40
74            android:name="com.example.ngoapplication.ThirdPage"
74-->src\main\AndroidManifest.xml:54:13-38
75            android:exported="false" />
75-->src\main\AndroidManifest.xml:55:13-37
76        <activity
76-->src\main\AndroidManifest.xml:56:9-58:40
77            android:name="com.example.ngoapplication.SecondPage"
77-->src\main\AndroidManifest.xml:57:13-39
78            android:exported="false" />
78-->src\main\AndroidManifest.xml:58:13-37
79        <activity
79-->src\main\AndroidManifest.xml:59:9-67:20
80            android:name="com.example.ngoapplication.SpashScreen"
80-->src\main\AndroidManifest.xml:60:13-40
81            android:exported="true" >
81-->src\main\AndroidManifest.xml:61:13-36
82            <intent-filter>
82-->src\main\AndroidManifest.xml:62:13-66:29
83                <action android:name="android.intent.action.MAIN" />
83-->src\main\AndroidManifest.xml:63:17-69
83-->src\main\AndroidManifest.xml:63:25-66
84
85                <category android:name="android.intent.category.LAUNCHER" />
85-->src\main\AndroidManifest.xml:65:17-77
85-->src\main\AndroidManifest.xml:65:27-74
86            </intent-filter>
87        </activity>
88        <activity
88-->src\main\AndroidManifest.xml:68:9-70:40
89            android:name="com.example.ngoapplication.MainActivity"
89-->src\main\AndroidManifest.xml:69:13-41
90            android:exported="false" />
90-->src\main\AndroidManifest.xml:70:13-37
91
92        <service
92-->[com.google.firebase:firebase-database-ktx:20.2.2] AndroidManifest.xml:11:9-17:19
93            android:name="com.google.firebase.components.ComponentDiscoveryService"
93-->[com.google.firebase:firebase-database-ktx:20.2.2] AndroidManifest.xml:12:13-84
94            android:directBootAware="true"
94-->[com.google.firebase:firebase-common:20.3.2] AndroidManifest.xml:34:13-43
95            android:exported="false" >
95-->[com.google.firebase:firebase-database-ktx:20.2.2] AndroidManifest.xml:13:13-37
96            <meta-data
96-->[com.google.firebase:firebase-database-ktx:20.2.2] AndroidManifest.xml:14:13-16:85
97                android:name="com.google.firebase.components:com.google.firebase.database.ktx.FirebaseDatabaseKtxRegistrar"
97-->[com.google.firebase:firebase-database-ktx:20.2.2] AndroidManifest.xml:15:17-124
98                android:value="com.google.firebase.components.ComponentRegistrar" />
98-->[com.google.firebase:firebase-database-ktx:20.2.2] AndroidManifest.xml:16:17-82
99            <meta-data
99-->[com.google.firebase:firebase-database:20.2.2] AndroidManifest.xml:31:13-33:85
100                android:name="com.google.firebase.components:com.google.firebase.database.DatabaseRegistrar"
100-->[com.google.firebase:firebase-database:20.2.2] AndroidManifest.xml:32:17-109
101                android:value="com.google.firebase.components.ComponentRegistrar" />
101-->[com.google.firebase:firebase-database:20.2.2] AndroidManifest.xml:33:17-82
102            <meta-data
102-->[com.google.firebase:firebase-common-ktx:20.3.2] AndroidManifest.xml:14:13-16:85
103                android:name="com.google.firebase.components:com.google.firebase.ktx.FirebaseCommonKtxRegistrar"
103-->[com.google.firebase:firebase-common-ktx:20.3.2] AndroidManifest.xml:15:17-113
104                android:value="com.google.firebase.components.ComponentRegistrar" />
104-->[com.google.firebase:firebase-common-ktx:20.3.2] AndroidManifest.xml:16:17-82
105        </service>
106
107        <activity
107-->[com.google.android.gms:play-services-base:18.1.0] AndroidManifest.xml:20:9-22:45
108            android:name="com.google.android.gms.common.api.GoogleApiActivity"
108-->[com.google.android.gms:play-services-base:18.1.0] AndroidManifest.xml:20:19-85
109            android:exported="false"
109-->[com.google.android.gms:play-services-base:18.1.0] AndroidManifest.xml:22:19-43
110            android:theme="@android:style/Theme.Translucent.NoTitleBar" />
110-->[com.google.android.gms:play-services-base:18.1.0] AndroidManifest.xml:21:19-78
111
112        <provider
112-->[com.google.firebase:firebase-common:20.3.2] AndroidManifest.xml:25:9-30:39
113            android:name="com.google.firebase.provider.FirebaseInitProvider"
113-->[com.google.firebase:firebase-common:20.3.2] AndroidManifest.xml:26:13-77
114            android:authorities="com.example.ngoapplication.firebaseinitprovider"
114-->[com.google.firebase:firebase-common:20.3.2] AndroidManifest.xml:27:13-72
115            android:directBootAware="true"
115-->[com.google.firebase:firebase-common:20.3.2] AndroidManifest.xml:28:13-43
116            android:exported="false"
116-->[com.google.firebase:firebase-common:20.3.2] AndroidManifest.xml:29:13-37
117            android:initOrder="100" />
117-->[com.google.firebase:firebase-common:20.3.2] AndroidManifest.xml:30:13-36
118
119        <uses-library
119-->[androidx.window:window:1.0.0] AndroidManifest.xml:25:9-27:40
120            android:name="androidx.window.extensions"
120-->[androidx.window:window:1.0.0] AndroidManifest.xml:26:13-54
121            android:required="false" />
121-->[androidx.window:window:1.0.0] AndroidManifest.xml:27:13-37
122        <uses-library
122-->[androidx.window:window:1.0.0] AndroidManifest.xml:28:9-30:40
123            android:name="androidx.window.sidecar"
123-->[androidx.window:window:1.0.0] AndroidManifest.xml:29:13-51
124            android:required="false" />
124-->[androidx.window:window:1.0.0] AndroidManifest.xml:30:13-37
125
126        <meta-data
126-->[com.google.android.gms:play-services-basement:18.1.0] AndroidManifest.xml:21:9-23:69
127            android:name="com.google.android.gms.version"
127-->[com.google.android.gms:play-services-basement:18.1.0] AndroidManifest.xml:22:13-58
128            android:value="@integer/google_play_services_version" />
128-->[com.google.android.gms:play-services-basement:18.1.0] AndroidManifest.xml:23:13-66
129
130        <provider
130-->[androidx.emoji2:emoji2:1.2.0] AndroidManifest.xml:24:9-32:20
131            android:name="androidx.startup.InitializationProvider"
131-->[androidx.emoji2:emoji2:1.2.0] AndroidManifest.xml:25:13-67
132            android:authorities="com.example.ngoapplication.androidx-startup"
132-->[androidx.emoji2:emoji2:1.2.0] AndroidManifest.xml:26:13-68
133            android:exported="false" >
133-->[androidx.emoji2:emoji2:1.2.0] AndroidManifest.xml:27:13-37
134            <meta-data
134-->[androidx.emoji2:emoji2:1.2.0] AndroidManifest.xml:29:13-31:52
135                android:name="androidx.emoji2.text.EmojiCompatInitializer"
135-->[androidx.emoji2:emoji2:1.2.0] AndroidManifest.xml:30:17-75
136                android:value="androidx.startup" />
136-->[androidx.emoji2:emoji2:1.2.0] AndroidManifest.xml:31:17-49
137            <meta-data
137-->[androidx.lifecycle:lifecycle-process:2.4.1] AndroidManifest.xml:31:13-33:52
138                android:name="androidx.lifecycle.ProcessLifecycleInitializer"
138-->[androidx.lifecycle:lifecycle-process:2.4.1] AndroidManifest.xml:32:17-78
139                android:value="androidx.startup" />
139-->[androidx.lifecycle:lifecycle-process:2.4.1] AndroidManifest.xml:33:17-49
140        </provider>
141    </application>
142
143</manifest>